<?xml version="1.0" encoding="UTF-8"?>
<testng-results ignored="0" total="1" passed="1" failed="0" skipped="0">
  <reporter-output>
  </reporter-output>
  <suite started-at="2022-01-23T03:51:57 EST" name="Adhoc" finished-at="2022-01-23T03:52:13 EST" duration-ms="16572">
    <groups>
    </groups>
    <test started-at="2022-01-23T03:51:57 EST" name="Regression" finished-at="2022-01-23T03:52:13 EST" duration-ms="16572">
      <class name="ProjectBootCamp1.Homedepot.SignInHomeDepot">
        <test-method is-config="true" signature="beforeMethod()[pri:0, instance:ProjectBootCamp1.Homedepot.SignInHomeDepot@156b88f5]" started-at="2022-01-23T03:51:57 EST" name="beforeMethod" finished-at="2022-01-23T03:51:59 EST" duration-ms="2406" status="PASS">
          <reporter-output>
          </reporter-output>
        </test-method> <!-- beforeMethod -->
        <test-method signature="f()[pri:0, instance:ProjectBootCamp1.Homedepot.SignInHomeDepot@156b88f5]" started-at="2022-01-23T03:51:59 EST" name="f" finished-at="2022-01-23T03:52:03 EST" duration-ms="4070" status="PASS">
          <reporter-output>
          </reporter-output>
        </test-method> <!-- f -->
        <test-method is-config="true" signature="afterMethod()[pri:0, instance:ProjectBootCamp1.Homedepot.SignInHomeDepot@156b88f5]" started-at="2022-01-23T03:52:03 EST" name="afterMethod" finished-at="2022-01-23T03:52:13 EST" duration-ms="10072" status="PASS">
          <reporter-output>
          </reporter-output>
        </test-method> <!-- afterMethod -->
      </class> <!-- ProjectBootCamp1.Homedepot.SignInHomeDepot -->
    </test> <!-- Regression -->
  </suite> <!-- Adhoc -->
</testng-results>
